<?xml version="1.0" encoding="utf-8"?><testsuites name="pytest tests"><testsuite name="pytest" errors="0" failures="0" skipped="0" tests="15" time="3.698" timestamp="2026-02-07T21:13:25.511468+00:00" hostname="agent-env-8a981dd2-a77e-4441-9698-ac7ded933171"><testcase classname="backend.tests.test_admin_features.TestAdminAuth" name="test_admin_login_success" time="0.392" /><testcase classname="backend.tests.test_admin_features.TestAdminCategories" name="test_get_categories" time="0.309" /><testcase classname="backend.tests.test_admin_features.TestAdminCategories" name="test_create_category_and_verify" time="0.096" /><testcase classname="backend.tests.test_admin_features.TestAdminCategories" name="test_create_duplicate_category_fails" time="0.039" /><testcase classname="backend.tests.test_admin_features.TestAdminPacks" name="test_get_packs" time="0.312" /><testcase classname="backend.tests.test_admin_features.TestAdminPacks" name="test_create_pack" time="0.053" /><testcase classname="backend.tests.test_admin_features.TestAdminPacks" name="test_add_variant_to_pack" time="0.149" /><testcase classname="backend.tests.test_admin_features.TestAdminPacks" name="test_update_pack" time="0.092" /><testcase classname="backend.tests.test_admin_features.TestAdminOrders" name="test_get_orders" time="0.298" /><testcase classname="backend.tests.test_admin_features.TestAdminOrders" name="test_get_order_detail" time="0.080" /><testcase classname="backend.tests.test_admin_features.TestAdminOrders" name="test_update_order_status_to_confirmed" time="0.605" /><testcase classname="backend.tests.test_admin_features.TestAdminOrders" name="test_update_order_status_to_delivered" time="0.446" /><testcase classname="backend.tests.test_admin_features.TestPublicEndpoints" name="test_get_categories" time="0.034" /><testcase classname="backend.tests.test_admin_features.TestPublicEndpoints" name="test_get_products" time="0.040" /><testcase classname="backend.tests.test_admin_features.TestPublicEndpoints" name="test_get_packs" time="0.679" /></testsuite></testsuites>